<?xml version="1.0" encoding="UTF-8"?>
<!-- Generated by org.testng.reporters.JUnitReportReporter -->
<testsuite hostname="LAPTOP-S1UUMFU4" failures="0" tests="6" name="org.api.GroceryApiWithoutBaseClass" time="4.070" errors="0" timestamp="2024-07-14T20:24:57 IST" skipped="3">
  <testcase classname="org.api.GroceryApiWithoutBaseClass" name="postmanBasicAuthLogin" time="2.378"/>
  <system-out/>
  <testcase classname="org.api.GroceryApiWithoutBaseClass" name="forgotPassword" time="1.276"/>
  <system-out/>
  <testcase classname="org.api.GroceryApiWithoutBaseClass" name="updateDevice" time="0.416"/>
  <system-out/>
  <testcase classname="org.api.GroceryApiWithoutBaseClass" name="login">
    <skipped/>
  </testcase> <!-- login -->
  <system-out/>
  <testcase classname="org.api.GroceryApiWithoutBaseClass" name="accessToken">
    <skipped/>
  </testcase> <!-- accessToken -->
  <system-out/>
  <testcase classname="org.api.GroceryApiWithoutBaseClass" name="loginWithApiKey">
    <skipped/>
  </testcase> <!-- loginWithApiKey -->
  <system-out/>
</testsuite> <!-- org.api.GroceryApiWithoutBaseClass -->
