<?xml version="1.0" encoding="UTF-8"?>
<!-- Generated by org.testng.reporters.JUnitReportReporter -->
<testsuite hostname="LAPTOP-S1UUMFU4" failures="0" tests="4" name="org.api.GroceryApiWithoutBaseClass" time="5.197" errors="0" timestamp="2024-07-14T11:12:19 IST" skipped="1">
  <testcase classname="org.api.GroceryApiWithoutBaseClass" name="postmanBasicAuthLogin" time="1.943"/>
  <system-out/>
  <testcase classname="org.api.GroceryApiWithoutBaseClass" name="loginWithApiKey" time="0.649"/>
  <system-out/>
  <testcase classname="org.api.GroceryApiWithoutBaseClass" name="accessToken" time="2.605"/>
  <system-out/>
  <testcase classname="org.api.GroceryApiWithoutBaseClass" name="login">
    <skipped/>
  </testcase> <!-- login -->
  <system-out/>
</testsuite> <!-- org.api.GroceryApiWithoutBaseClass -->
